{"level":"info","message":"Server running on port 5000","timestamp":"2025-05-26T22:35:42.775Z"}
{"level":"info","message":"Environment: development","timestamp":"2025-05-26T22:35:42.779Z"}
{"level":"info","message":"Server running on port 5000","timestamp":"2025-05-26T22:36:14.165Z"}
{"level":"info","message":"Environment: development","timestamp":"2025-05-26T22:36:14.167Z"}
{"level":"info","message":"Server running on port 5000","timestamp":"2025-05-26T22:36:32.267Z"}
{"level":"info","message":"Environment: development","timestamp":"2025-05-26T22:36:32.272Z"}
{"level":"info","message":"Connecting to MongoDB with URI:","timestamp":"2025-05-26T22:37:16.686Z"}
{"level":"info","message":"MongoDB connected successfully","timestamp":"2025-05-26T22:37:18.533Z"}
{"level":"info","message":"Server running on port 5000","timestamp":"2025-05-26T22:37:18.536Z"}
{"level":"info","message":"Environment: development","timestamp":"2025-05-26T22:37:18.537Z"}
{"level":"info","message":"Connecting to MongoDB with URI:","timestamp":"2025-05-26T22:37:24.579Z"}
{"level":"info","message":"MongoDB connected successfully","timestamp":"2025-05-26T22:37:26.398Z"}
{"level":"info","message":"Server running on port 5000","timestamp":"2025-05-26T22:37:26.400Z"}
{"level":"info","message":"Environment: development","timestamp":"2025-05-26T22:37:26.400Z"}
{"level":"info","message":"Connecting to MongoDB with URI:","timestamp":"2025-05-26T22:37:31.217Z"}
{"level":"info","message":"MongoDB connected successfully","timestamp":"2025-05-26T22:37:33.113Z"}
{"level":"info","message":"Server running on port 5000","timestamp":"2025-05-26T22:37:33.117Z"}
{"level":"info","message":"Environment: development","timestamp":"2025-05-26T22:37:33.117Z"}
{"level":"info","message":"Connecting to MongoDB with URI:","timestamp":"2025-05-26T22:37:38.219Z"}
{"level":"info","message":"MongoDB connected successfully","timestamp":"2025-05-26T22:37:40.543Z"}
{"level":"info","message":"Server running on port 5000","timestamp":"2025-05-26T22:37:40.546Z"}
{"level":"info","message":"Environment: development","timestamp":"2025-05-26T22:37:40.547Z"}
{"level":"info","message":"Connecting to MongoDB with URI:","timestamp":"2025-05-26T22:39:48.846Z"}
{"level":"info","message":"MongoDB connected successfully","timestamp":"2025-05-26T22:39:50.709Z"}
{"level":"info","message":"Server running on port 5000","timestamp":"2025-05-26T22:39:50.712Z"}
{"level":"info","message":"Environment: development","timestamp":"2025-05-26T22:39:50.712Z"}
{"level":"info","message":"Connecting to MongoDB with URI:","timestamp":"2025-05-26T22:51:33.786Z"}
{"level":"info","message":"MongoDB connected successfully","timestamp":"2025-05-26T22:51:35.796Z"}
{"level":"info","message":"Server running on port 5000","timestamp":"2025-05-26T22:51:35.800Z"}
{"level":"info","message":"Environment: development","timestamp":"2025-05-26T22:51:35.800Z"}
{"level":"info","message":"Connecting to MongoDB with URI:","timestamp":"2025-05-26T23:10:02.854Z"}
{"level":"info","message":"Connecting to MongoDB with URI:","timestamp":"2025-05-26T23:10:04.452Z"}
{"level":"info","message":"MongoDB connected successfully","timestamp":"2025-05-26T23:10:08.915Z"}
{"level":"info","message":"Server running on port 5000","timestamp":"2025-05-26T23:10:08.933Z"}
{"level":"info","message":"Environment: development","timestamp":"2025-05-26T23:10:08.934Z"}
{"level":"info","message":"Connecting to MongoDB with URI:","timestamp":"2025-05-26T23:10:14.675Z"}
{"level":"info","message":"MongoDB connected successfully","timestamp":"2025-05-26T23:10:20.966Z"}
{"level":"info","message":"Server running on port 5000","timestamp":"2025-05-26T23:10:20.971Z"}
{"level":"info","message":"Environment: development","timestamp":"2025-05-26T23:10:20.971Z"}
{"level":"info","message":"Connecting to MongoDB with URI:","timestamp":"2025-05-26T23:10:37.883Z"}
{"level":"info","message":"MongoDB connected successfully","timestamp":"2025-05-26T23:10:42.917Z"}
{"level":"info","message":"Server running on port 5000","timestamp":"2025-05-26T23:10:42.919Z"}
{"level":"info","message":"Environment: development","timestamp":"2025-05-26T23:10:42.919Z"}
{"level":"info","message":"Connecting to MongoDB with URI:","timestamp":"2025-05-26T23:11:23.999Z"}
{"level":"info","message":"MongoDB connected successfully","timestamp":"2025-05-26T23:11:27.787Z"}
{"level":"info","message":"Server running on port 5000","timestamp":"2025-05-26T23:11:27.792Z"}
{"level":"info","message":"Environment: development","timestamp":"2025-05-26T23:11:27.792Z"}
{"level":"info","message":"Connecting to MongoDB with URI:","timestamp":"2025-05-26T23:22:04.732Z"}
{"level":"info","message":"MongoDB connected successfully","timestamp":"2025-05-26T23:22:09.069Z"}
{"level":"info","message":"Server running on port 5000","timestamp":"2025-05-26T23:22:09.071Z"}
{"level":"info","message":"Environment: development","timestamp":"2025-05-26T23:22:09.071Z"}
{"level":"info","message":"Connecting to MongoDB with URI:","timestamp":"2025-05-26T23:25:46.888Z"}
{"level":"info","message":"MongoDB connected successfully","timestamp":"2025-05-26T23:25:51.327Z"}
{"level":"info","message":"Server running on port 5000","timestamp":"2025-05-26T23:25:51.331Z"}
{"level":"info","message":"Environment: development","timestamp":"2025-05-26T23:25:51.332Z"}
{"level":"error","message":"Unhandled error: Journal validation failed: \"userId\" must be a string","stack":"Error: Journal validation failed: \"userId\" must be a string\n    at validateJournalEntry (/Users/mac/Downloads/surrealworld/dreamweaver-server/src/validation/dream.validation.ts:33:11)\n    at createDreamJournal (/Users/mac/Downloads/surrealworld/dreamweaver-server/src/controllers/dream.controller.ts:8:63)\n    at Layer.handleRequest (/Users/mac/Downloads/surrealworld/dreamweaver-server/node_modules/router/lib/layer.js:152:17)\n    at next (/Users/mac/Downloads/surrealworld/dreamweaver-server/node_modules/router/lib/route.js:157:13)\n    at Route.dispatch (/Users/mac/Downloads/surrealworld/dreamweaver-server/node_modules/router/lib/route.js:117:3)\n    at handle (/Users/mac/Downloads/surrealworld/dreamweaver-server/node_modules/router/index.js:435:11)\n    at Layer.handleRequest (/Users/mac/Downloads/surrealworld/dreamweaver-server/node_modules/router/lib/layer.js:152:17)\n    at /Users/mac/Downloads/surrealworld/dreamweaver-server/node_modules/router/index.js:295:15\n    at processParams (/Users/mac/Downloads/surrealworld/dreamweaver-server/node_modules/router/index.js:582:12)\n    at next (/Users/mac/Downloads/surrealworld/dreamweaver-server/node_modules/router/index.js:291:5)","timestamp":"2025-05-26T23:25:57.094Z"}
{"level":"error","message":"Unhandled error: Journal validation failed: User ID must be 24 characters, Transcript cannot be empty","stack":"Error: Journal validation failed: User ID must be 24 characters, Transcript cannot be empty\n    at validateJournalEntry (/Users/mac/Downloads/surrealworld/dreamweaver-server/src/validation/dream.validation.ts:33:11)\n    at createDreamJournal (/Users/mac/Downloads/surrealworld/dreamweaver-server/src/controllers/dream.controller.ts:8:63)\n    at Layer.handleRequest (/Users/mac/Downloads/surrealworld/dreamweaver-server/node_modules/router/lib/layer.js:152:17)\n    at next (/Users/mac/Downloads/surrealworld/dreamweaver-server/node_modules/router/lib/route.js:157:13)\n    at Route.dispatch (/Users/mac/Downloads/surrealworld/dreamweaver-server/node_modules/router/lib/route.js:117:3)\n    at handle (/Users/mac/Downloads/surrealworld/dreamweaver-server/node_modules/router/index.js:435:11)\n    at Layer.handleRequest (/Users/mac/Downloads/surrealworld/dreamweaver-server/node_modules/router/lib/layer.js:152:17)\n    at /Users/mac/Downloads/surrealworld/dreamweaver-server/node_modules/router/index.js:295:15\n    at processParams (/Users/mac/Downloads/surrealworld/dreamweaver-server/node_modules/router/index.js:582:12)\n    at next (/Users/mac/Downloads/surrealworld/dreamweaver-server/node_modules/router/index.js:291:5)","timestamp":"2025-05-26T23:26:49.744Z"}
{"level":"info","message":"Connecting to MongoDB with URI:","timestamp":"2025-05-26T23:28:07.467Z"}
{"level":"info","message":"MongoDB connected successfully","timestamp":"2025-05-26T23:28:13.733Z"}
{"level":"info","message":"Server running on port 5000","timestamp":"2025-05-26T23:28:13.738Z"}
{"level":"info","message":"Environment: development","timestamp":"2025-05-26T23:28:13.738Z"}
{"level":"error","message":"Unhandled error: Journal validation failed: \"userId\" length must be 24 characters long","stack":"Error: Journal validation failed: \"userId\" length must be 24 characters long\n    at validateJournalEntry (/Users/mac/Downloads/surrealworld/dreamweaver-server/src/validation/dream.validation.ts:31:11)\n    at createDreamJournal (/Users/mac/Downloads/surrealworld/dreamweaver-server/src/controllers/dream.controller.ts:8:63)\n    at Layer.handleRequest (/Users/mac/Downloads/surrealworld/dreamweaver-server/node_modules/router/lib/layer.js:152:17)\n    at next (/Users/mac/Downloads/surrealworld/dreamweaver-server/node_modules/router/lib/route.js:157:13)\n    at Route.dispatch (/Users/mac/Downloads/surrealworld/dreamweaver-server/node_modules/router/lib/route.js:117:3)\n    at handle (/Users/mac/Downloads/surrealworld/dreamweaver-server/node_modules/router/index.js:435:11)\n    at Layer.handleRequest (/Users/mac/Downloads/surrealworld/dreamweaver-server/node_modules/router/lib/layer.js:152:17)\n    at /Users/mac/Downloads/surrealworld/dreamweaver-server/node_modules/router/index.js:295:15\n    at processParams (/Users/mac/Downloads/surrealworld/dreamweaver-server/node_modules/router/index.js:582:12)\n    at next (/Users/mac/Downloads/surrealworld/dreamweaver-server/node_modules/router/index.js:291:5)","timestamp":"2025-05-26T23:28:35.350Z"}
{"level":"info","message":"Connecting to MongoDB with URI:","timestamp":"2025-05-26T23:29:20.652Z"}
{"level":"info","message":"MongoDB connected successfully","timestamp":"2025-05-26T23:29:26.575Z"}
{"level":"info","message":"Server running on port 5000","timestamp":"2025-05-26T23:29:26.579Z"}
{"level":"info","message":"Environment: development","timestamp":"2025-05-26T23:29:26.579Z"}
{"kind":"ObjectId","level":"error","message":"DreamJournal creation failed: Cast to ObjectId failed for value \"1\" (type string) at path \"_id\" for model \"User\"","path":"_id","reason":{},"stack":"CastError: Cast to ObjectId failed for value \"1\" (type string) at path \"_id\" for model \"User\"\n    at SchemaObjectId.cast (/Users/mac/Downloads/surrealworld/dreamweaver-server/node_modules/mongoose/lib/schema/objectId.js:251:11)\n    at SchemaObjectId.SchemaType.applySetters (/Users/mac/Downloads/surrealworld/dreamweaver-server/node_modules/mongoose/lib/schemaType.js:1255:12)\n    at SchemaObjectId.SchemaType.castForQuery (/Users/mac/Downloads/surrealworld/dreamweaver-server/node_modules/mongoose/lib/schemaType.js:1673:17)\n    at cast (/Users/mac/Downloads/surrealworld/dreamweaver-server/node_modules/mongoose/lib/cast.js:390:32)\n    at model.Query.Query.cast (/Users/mac/Downloads/surrealworld/dreamweaver-server/node_modules/mongoose/lib/query.js:5055:12)\n    at model.Query.Query._castConditions (/Users/mac/Downloads/surrealworld/dreamweaver-server/node_modules/mongoose/lib/query.js:2351:10)\n    at model.Query._findOne (/Users/mac/Downloads/surrealworld/dreamweaver-server/node_modules/mongoose/lib/query.js:2674:8)\n    at model.Query.exec (/Users/mac/Downloads/surrealworld/dreamweaver-server/node_modules/mongoose/lib/query.js:4604:80)\n    at processTicksAndRejections (node:internal/process/task_queues:95:5)\n    at async processCreateDreamJournal (/Users/mac/Downloads/surrealworld/dreamweaver-server/src/services/dream.service.ts:12:18)","stringValue":"\"1\"","timestamp":"2025-05-26T23:29:35.904Z","value":"1","valueType":"string"}
{"level":"error","message":"Unhandled error: Failed to create dream journal","stack":"Error: Failed to create dream journal\n    at processCreateDreamJournal (/Users/mac/Downloads/surrealworld/dreamweaver-server/src/services/dream.service.ts:44:11)\n    at processTicksAndRejections (node:internal/process/task_queues:95:5)\n    at async createDreamJournal (/Users/mac/Downloads/surrealworld/dreamweaver-server/src/controllers/dream.controller.ts:10:26)","timestamp":"2025-05-26T23:29:35.906Z"}
{"level":"info","message":"Connecting to MongoDB with URI:","timestamp":"2025-05-26T23:31:04.665Z"}
{"level":"info","message":"MongoDB connected successfully","timestamp":"2025-05-26T23:31:06.710Z"}
{"level":"info","message":"Server running on port 5000","timestamp":"2025-05-26T23:31:06.743Z"}
{"level":"info","message":"Environment: development","timestamp":"2025-05-26T23:31:06.744Z"}
{"_message":"DreamJournalEntry validation failed","errors":{"user":{"kind":"ObjectId","message":"Cast to ObjectId failed for value \"1\" (type string) at path \"user\" because of \"BSONError\"","name":"CastError","path":"user","reason":{},"stringValue":"\"1\"","value":"1","valueType":"string"}},"level":"error","message":"DreamJournal creation failed: DreamJournalEntry validation failed: user: Cast to ObjectId failed for value \"1\" (type string) at path \"user\" because of \"BSONError\"","stack":"ValidationError: DreamJournalEntry validation failed: user: Cast to ObjectId failed for value \"1\" (type string) at path \"user\" because of \"BSONError\"\n    at model.Document.invalidate (/Users/mac/Downloads/surrealworld/dreamweaver-server/node_modules/mongoose/lib/document.js:3343:32)\n    at model.$set (/Users/mac/Downloads/surrealworld/dreamweaver-server/node_modules/mongoose/lib/document.js:1480:12)\n    at model.$set (/Users/mac/Downloads/surrealworld/dreamweaver-server/node_modules/mongoose/lib/document.js:1132:16)\n    at model.Document (/Users/mac/Downloads/surrealworld/dreamweaver-server/node_modules/mongoose/lib/document.js:178:12)\n    at model.Model (/Users/mac/Downloads/surrealworld/dreamweaver-server/node_modules/mongoose/lib/model.js:127:12)\n    at new model (/Users/mac/Downloads/surrealworld/dreamweaver-server/node_modules/mongoose/lib/model.js:4807:15)\n    at /Users/mac/Downloads/surrealworld/dreamweaver-server/node_modules/mongoose/lib/model.js:2757:20\n    at Array.map (<anonymous>)\n    at Function.create (/Users/mac/Downloads/surrealworld/dreamweaver-server/node_modules/mongoose/lib/model.js:2745:34)\n    at processCreateDreamJournal (/Users/mac/Downloads/surrealworld/dreamweaver-server/src/services/dream.service.ts:17:43)","timestamp":"2025-05-26T23:31:22.218Z"}
{"level":"error","message":"Unhandled error: Failed to create dream journal","stack":"Error: Failed to create dream journal\n    at processCreateDreamJournal (/Users/mac/Downloads/surrealworld/dreamweaver-server/src/services/dream.service.ts:44:11)\n    at processTicksAndRejections (node:internal/process/task_queues:95:5)\n    at async createDreamJournal (/Users/mac/Downloads/surrealworld/dreamweaver-server/src/controllers/dream.controller.ts:10:26)","timestamp":"2025-05-26T23:31:22.220Z"}
{"level":"info","message":"Connecting to MongoDB with URI:","timestamp":"2025-05-26T23:32:11.107Z"}
{"level":"info","message":"MongoDB connected successfully","timestamp":"2025-05-26T23:32:12.734Z"}
{"level":"info","message":"Server running on port 5000","timestamp":"2025-05-26T23:32:12.739Z"}
{"level":"info","message":"Environment: development","timestamp":"2025-05-26T23:32:12.740Z"}
{"level":"info","message":"Connecting to MongoDB with URI:","timestamp":"2025-05-26T23:32:16.607Z"}
{"level":"info","message":"MongoDB connected successfully","timestamp":"2025-05-26T23:32:18.240Z"}
{"level":"info","message":"Server running on port 5000","timestamp":"2025-05-26T23:32:18.244Z"}
{"level":"info","message":"Environment: development","timestamp":"2025-05-26T23:32:18.245Z"}
{"_message":"DreamJournalEntry validation failed","errors":{"user":{"kind":"ObjectId","message":"Cast to ObjectId failed for value \"1\" (type string) at path \"user\" because of \"BSONError\"","name":"CastError","path":"user","reason":{},"stringValue":"\"1\"","value":"1","valueType":"string"}},"level":"error","message":"DreamJournal creation failed: DreamJournalEntry validation failed: user: Cast to ObjectId failed for value \"1\" (type string) at path \"user\" because of \"BSONError\"","stack":"ValidationError: DreamJournalEntry validation failed: user: Cast to ObjectId failed for value \"1\" (type string) at path \"user\" because of \"BSONError\"\n    at model.Document.invalidate (/Users/mac/Downloads/surrealworld/dreamweaver-server/node_modules/mongoose/lib/document.js:3343:32)\n    at model.$set (/Users/mac/Downloads/surrealworld/dreamweaver-server/node_modules/mongoose/lib/document.js:1480:12)\n    at model.$set (/Users/mac/Downloads/surrealworld/dreamweaver-server/node_modules/mongoose/lib/document.js:1132:16)\n    at model.Document (/Users/mac/Downloads/surrealworld/dreamweaver-server/node_modules/mongoose/lib/document.js:178:12)\n    at model.Model (/Users/mac/Downloads/surrealworld/dreamweaver-server/node_modules/mongoose/lib/model.js:127:12)\n    at new model (/Users/mac/Downloads/surrealworld/dreamweaver-server/node_modules/mongoose/lib/model.js:4807:15)\n    at /Users/mac/Downloads/surrealworld/dreamweaver-server/node_modules/mongoose/lib/model.js:2757:20\n    at Array.map (<anonymous>)\n    at Function.create (/Users/mac/Downloads/surrealworld/dreamweaver-server/node_modules/mongoose/lib/model.js:2745:34)\n    at processCreateDreamJournal (/Users/mac/Downloads/surrealworld/dreamweaver-server/src/services/dream.service.ts:19:43)","timestamp":"2025-05-26T23:32:22.067Z"}
{"level":"error","message":"Unhandled error: Failed to create dream journal","stack":"Error: Failed to create dream journal\n    at processCreateDreamJournal (/Users/mac/Downloads/surrealworld/dreamweaver-server/src/services/dream.service.ts:46:11)\n    at processTicksAndRejections (node:internal/process/task_queues:95:5)\n    at async createDreamJournal (/Users/mac/Downloads/surrealworld/dreamweaver-server/src/controllers/dream.controller.ts:10:26)","timestamp":"2025-05-26T23:32:22.069Z"}
{"level":"info","message":"Connecting to MongoDB with URI:","timestamp":"2025-05-26T23:32:56.762Z"}
{"level":"info","message":"MongoDB connected successfully","timestamp":"2025-05-26T23:32:58.668Z"}
{"level":"info","message":"Server running on port 5000","timestamp":"2025-05-26T23:32:58.670Z"}
{"level":"info","message":"Environment: development","timestamp":"2025-05-26T23:32:58.670Z"}
{"level":"info","message":"Connecting to MongoDB with URI:","timestamp":"2025-05-26T23:33:19.266Z"}
{"level":"info","message":"MongoDB connected successfully","timestamp":"2025-05-26T23:33:21.079Z"}
{"level":"info","message":"Server running on port 5000","timestamp":"2025-05-26T23:33:21.082Z"}
{"level":"info","message":"Environment: development","timestamp":"2025-05-26T23:33:21.082Z"}
{"level":"info","message":"Connecting to MongoDB with URI:","timestamp":"2025-05-26T23:33:28.874Z"}
{"level":"info","message":"MongoDB connected successfully","timestamp":"2025-05-26T23:33:30.598Z"}
{"level":"info","message":"Server running on port 5000","timestamp":"2025-05-26T23:33:30.601Z"}
{"level":"info","message":"Environment: development","timestamp":"2025-05-26T23:33:30.601Z"}
{"level":"info","message":"Connecting to MongoDB with URI:","timestamp":"2025-05-26T23:34:22.228Z"}
{"level":"info","message":"MongoDB connected successfully","timestamp":"2025-05-26T23:34:24.143Z"}
{"level":"info","message":"Server running on port 5000","timestamp":"2025-05-26T23:34:24.147Z"}
{"level":"info","message":"Environment: development","timestamp":"2025-05-26T23:34:24.147Z"}
{"_message":"DreamJournalEntry validation failed","errors":{"user":{"kind":"ObjectId","message":"Cast to ObjectId failed for value \"1\" (type string) at path \"user\" because of \"BSONError\"","name":"CastError","path":"user","reason":{},"stringValue":"\"1\"","value":"1","valueType":"string"}},"level":"error","message":"DreamJournal creation failed: DreamJournalEntry validation failed: user: Cast to ObjectId failed for value \"1\" (type string) at path \"user\" because of \"BSONError\"","stack":"ValidationError: DreamJournalEntry validation failed: user: Cast to ObjectId failed for value \"1\" (type string) at path \"user\" because of \"BSONError\"\n    at model.Document.invalidate (/Users/mac/Downloads/surrealworld/dreamweaver-server/node_modules/mongoose/lib/document.js:3343:32)\n    at model.$set (/Users/mac/Downloads/surrealworld/dreamweaver-server/node_modules/mongoose/lib/document.js:1480:12)\n    at model.$set (/Users/mac/Downloads/surrealworld/dreamweaver-server/node_modules/mongoose/lib/document.js:1132:16)\n    at model.Document (/Users/mac/Downloads/surrealworld/dreamweaver-server/node_modules/mongoose/lib/document.js:178:12)\n    at model.Model (/Users/mac/Downloads/surrealworld/dreamweaver-server/node_modules/mongoose/lib/model.js:127:12)\n    at new model (/Users/mac/Downloads/surrealworld/dreamweaver-server/node_modules/mongoose/lib/model.js:4807:15)\n    at /Users/mac/Downloads/surrealworld/dreamweaver-server/node_modules/mongoose/lib/model.js:2757:20\n    at Array.map (<anonymous>)\n    at Function.create (/Users/mac/Downloads/surrealworld/dreamweaver-server/node_modules/mongoose/lib/model.js:2745:34)\n    at processCreateDreamJournal (/Users/mac/Downloads/surrealworld/dreamweaver-server/src/services/dream.service.ts:18:43)","timestamp":"2025-05-26T23:34:33.878Z"}
{"level":"error","message":"Unhandled error: Failed to create dream journal","stack":"Error: Failed to create dream journal\n    at processCreateDreamJournal (/Users/mac/Downloads/surrealworld/dreamweaver-server/src/services/dream.service.ts:38:11)\n    at processTicksAndRejections (node:internal/process/task_queues:95:5)\n    at async createDreamJournal (/Users/mac/Downloads/surrealworld/dreamweaver-server/src/controllers/dream.controller.ts:10:26)","timestamp":"2025-05-26T23:34:33.884Z"}
{"level":"info","message":"Connecting to MongoDB with URI:","timestamp":"2025-05-26T23:37:05.063Z"}
{"level":"info","message":"MongoDB connected successfully","timestamp":"2025-05-26T23:37:07.046Z"}
{"level":"info","message":"Server running on port 5000","timestamp":"2025-05-26T23:37:07.050Z"}
{"level":"info","message":"Environment: development","timestamp":"2025-05-26T23:37:07.051Z"}
{"kind":"ObjectId","level":"error","message":"DreamJournal creation failed: Cast to ObjectId failed for value \"1\" (type string) at path \"_id\" for model \"User\"","path":"_id","reason":{},"stack":"CastError: Cast to ObjectId failed for value \"1\" (type string) at path \"_id\" for model \"User\"\n    at SchemaObjectId.cast (/Users/mac/Downloads/surrealworld/dreamweaver-server/node_modules/mongoose/lib/schema/objectId.js:251:11)\n    at SchemaObjectId.SchemaType.applySetters (/Users/mac/Downloads/surrealworld/dreamweaver-server/node_modules/mongoose/lib/schemaType.js:1255:12)\n    at SchemaObjectId.SchemaType.castForQuery (/Users/mac/Downloads/surrealworld/dreamweaver-server/node_modules/mongoose/lib/schemaType.js:1673:17)\n    at cast (/Users/mac/Downloads/surrealworld/dreamweaver-server/node_modules/mongoose/lib/cast.js:390:32)\n    at model.Query.Query.cast (/Users/mac/Downloads/surrealworld/dreamweaver-server/node_modules/mongoose/lib/query.js:5055:12)\n    at model.Query.Query._castConditions (/Users/mac/Downloads/surrealworld/dreamweaver-server/node_modules/mongoose/lib/query.js:2351:10)\n    at model.Query._findOne (/Users/mac/Downloads/surrealworld/dreamweaver-server/node_modules/mongoose/lib/query.js:2674:8)\n    at model.Query.exec (/Users/mac/Downloads/surrealworld/dreamweaver-server/node_modules/mongoose/lib/query.js:4604:80)\n    at processTicksAndRejections (node:internal/process/task_queues:95:5)\n    at async processCreateDreamJournal (/Users/mac/Downloads/surrealworld/dreamweaver-server/src/services/dream.service.ts:12:16)","stringValue":"\"1\"","timestamp":"2025-05-26T23:37:20.339Z","value":"1","valueType":"string"}
{"level":"error","message":"Unhandled error: Failed to create dream journal","stack":"Error: Failed to create dream journal\n    at processCreateDreamJournal (/Users/mac/Downloads/surrealworld/dreamweaver-server/src/services/dream.service.ts:48:11)\n    at processTicksAndRejections (node:internal/process/task_queues:95:5)\n    at async createDreamJournal (/Users/mac/Downloads/surrealworld/dreamweaver-server/src/controllers/dream.controller.ts:10:26)","timestamp":"2025-05-26T23:37:20.340Z"}
{"level":"info","message":"Connecting to MongoDB with URI:","timestamp":"2025-05-26T23:38:22.101Z"}
{"level":"info","message":"MongoDB connected successfully","timestamp":"2025-05-26T23:38:24.805Z"}
{"level":"info","message":"Server running on port 5000","timestamp":"2025-05-26T23:38:24.809Z"}
{"level":"info","message":"Environment: development","timestamp":"2025-05-26T23:38:24.810Z"}
{"level":"info","message":"Connecting to MongoDB with URI:","timestamp":"2025-05-26T23:40:02.324Z"}
{"level":"info","message":"MongoDB connected successfully","timestamp":"2025-05-26T23:40:04.060Z"}
{"level":"info","message":"Server running on port 5000","timestamp":"2025-05-26T23:40:04.069Z"}
{"level":"info","message":"Environment: development","timestamp":"2025-05-26T23:40:04.070Z"}
{"level":"info","message":"Connecting to MongoDB with URI:","timestamp":"2025-05-26T23:40:18.469Z"}
{"level":"info","message":"MongoDB connected successfully","timestamp":"2025-05-26T23:40:20.124Z"}
{"level":"info","message":"Server running on port 5000","timestamp":"2025-05-26T23:40:20.128Z"}
{"level":"info","message":"Environment: development","timestamp":"2025-05-26T23:40:20.128Z"}
{"level":"info","message":"Connecting to MongoDB with URI:","timestamp":"2025-05-26T23:42:15.340Z"}
{"level":"info","message":"MongoDB connected successfully","timestamp":"2025-05-26T23:42:17.848Z"}
{"level":"info","message":"Server running on port 5000","timestamp":"2025-05-26T23:42:17.851Z"}
{"level":"info","message":"Environment: development","timestamp":"2025-05-26T23:42:17.851Z"}
{"level":"info","message":"Connecting to MongoDB with URI:","timestamp":"2025-05-26T23:46:34.610Z"}
{"level":"info","message":"MongoDB connected successfully","timestamp":"2025-05-26T23:46:38.776Z"}
{"level":"info","message":"Server running on port 5000","timestamp":"2025-05-26T23:46:38.780Z"}
{"level":"info","message":"Environment: development","timestamp":"2025-05-26T23:46:38.780Z"}
{"level":"info","message":"Connecting to MongoDB with URI:","timestamp":"2025-05-27T00:08:30.384Z"}
{"level":"info","message":"Connecting to MongoDB with URI:","timestamp":"2025-05-27T00:08:32.153Z"}
{"level":"info","message":"MongoDB connected successfully","timestamp":"2025-05-27T00:08:34.090Z"}
{"level":"info","message":"Server running on port 5000","timestamp":"2025-05-27T00:08:34.096Z"}
{"level":"info","message":"Environment: development","timestamp":"2025-05-27T00:08:34.097Z"}
{"level":"info","message":"Connecting to MongoDB with URI:","timestamp":"2025-05-27T00:09:34.513Z"}
{"level":"info","message":"MongoDB connected successfully","timestamp":"2025-05-27T00:09:37.017Z"}
{"level":"info","message":"Server running on port 5000","timestamp":"2025-05-27T00:09:37.022Z"}
{"level":"info","message":"Environment: development","timestamp":"2025-05-27T00:09:37.023Z"}
{"level":"info","message":"Connecting to MongoDB with URI:","timestamp":"2025-05-27T00:09:50.356Z"}
{"level":"info","message":"MongoDB connected successfully","timestamp":"2025-05-27T00:09:52.249Z"}
{"level":"info","message":"Server running on port 5000","timestamp":"2025-05-27T00:09:52.253Z"}
{"level":"info","message":"Environment: development","timestamp":"2025-05-27T00:09:52.254Z"}
{"level":"info","message":"Connecting to MongoDB with URI:","timestamp":"2025-05-27T00:10:25.285Z"}
{"level":"info","message":"MongoDB connected successfully","timestamp":"2025-05-27T00:10:27.082Z"}
{"level":"info","message":"Server running on port 5000","timestamp":"2025-05-27T00:10:27.103Z"}
{"level":"info","message":"Environment: development","timestamp":"2025-05-27T00:10:27.103Z"}
{"level":"info","message":"Connecting to MongoDB with URI:","timestamp":"2025-05-27T00:10:55.826Z"}
{"level":"info","message":"MongoDB connected successfully","timestamp":"2025-05-27T00:10:57.796Z"}
{"level":"info","message":"Server running on port 5000","timestamp":"2025-05-27T00:10:57.799Z"}
{"level":"info","message":"Environment: development","timestamp":"2025-05-27T00:10:57.799Z"}
{"level":"error","message":"Unhandled error: Validation failed: Transcript cannot be empty","stack":"Error: Validation failed: Transcript cannot be empty\n    at validateJournalEntry (/Users/mac/Downloads/surrealworld/dreamweaver-server/src/validation/dream.validation.ts:22:20)\n    at createDreamJournal (/Users/mac/Downloads/surrealworld/dreamweaver-server/src/controllers/dream.controller.ts:15:56)\n    at Layer.handleRequest (/Users/mac/Downloads/surrealworld/dreamweaver-server/node_modules/router/lib/layer.js:152:17)\n    at next (/Users/mac/Downloads/surrealworld/dreamweaver-server/node_modules/router/lib/route.js:157:13)\n    at Route.dispatch (/Users/mac/Downloads/surrealworld/dreamweaver-server/node_modules/router/lib/route.js:117:3)\n    at handle (/Users/mac/Downloads/surrealworld/dreamweaver-server/node_modules/router/index.js:435:11)\n    at Layer.handleRequest (/Users/mac/Downloads/surrealworld/dreamweaver-server/node_modules/router/lib/layer.js:152:17)\n    at /Users/mac/Downloads/surrealworld/dreamweaver-server/node_modules/router/index.js:295:15\n    at processParams (/Users/mac/Downloads/surrealworld/dreamweaver-server/node_modules/router/index.js:582:12)\n    at next (/Users/mac/Downloads/surrealworld/dreamweaver-server/node_modules/router/index.js:291:5)","timestamp":"2025-05-27T00:35:22.522Z"}
{"level":"info","message":"Connecting to MongoDB with URI:","timestamp":"2025-05-27T14:41:42.636Z"}
{"cause":{"commonWireVersion":0,"compatible":true,"heartbeatFrequencyMS":10000,"localThresholdMS":15,"logicalSessionTimeoutMinutes":null,"maxElectionId":null,"maxSetVersion":null,"servers":{"ac-8epwcoq-shard-00-00.fcmllmq.mongodb.net:27017":{"$clusterTime":null,"address":"ac-8epwcoq-shard-00-00.fcmllmq.mongodb.net:27017","arbiters":[],"electionId":null,"error":{"beforeHandshake":false,"errorLabelSet":{}},"hosts":[],"iscryptd":false,"lastUpdateTime":23809979,"lastWriteDate":0,"logicalSessionTimeoutMinutes":null,"maxBsonObjectSize":null,"maxMessageSizeBytes":null,"maxWireVersion":0,"maxWriteBatchSize":null,"me":null,"minRoundTripTime":0,"minWireVersion":0,"passives":[],"primary":null,"roundTripTime":-1,"setName":null,"setVersion":null,"tags":{},"topologyVersion":null,"type":"Unknown"},"ac-8epwcoq-shard-00-01.fcmllmq.mongodb.net:27017":{"$clusterTime":null,"address":"ac-8epwcoq-shard-00-01.fcmllmq.mongodb.net:27017","arbiters":[],"electionId":null,"error":{"beforeHandshake":false,"errorLabelSet":{}},"hosts":[],"iscryptd":false,"lastUpdateTime":23809347,"lastWriteDate":0,"logicalSessionTimeoutMinutes":null,"maxBsonObjectSize":null,"maxMessageSizeBytes":null,"maxWireVersion":0,"maxWriteBatchSize":null,"me":null,"minRoundTripTime":0,"minWireVersion":0,"passives":[],"primary":null,"roundTripTime":-1,"setName":null,"setVersion":null,"tags":{},"topologyVersion":null,"type":"Unknown"},"ac-8epwcoq-shard-00-02.fcmllmq.mongodb.net:27017":{"$clusterTime":null,"address":"ac-8epwcoq-shard-00-02.fcmllmq.mongodb.net:27017","arbiters":[],"electionId":null,"error":{"beforeHandshake":false,"errorLabelSet":{}},"hosts":[],"iscryptd":false,"lastUpdateTime":23810030,"lastWriteDate":0,"logicalSessionTimeoutMinutes":null,"maxBsonObjectSize":null,"maxMessageSizeBytes":null,"maxWireVersion":0,"maxWriteBatchSize":null,"me":null,"minRoundTripTime":0,"minWireVersion":0,"passives":[],"primary":null,"roundTripTime":-1,"setName":null,"setVersion":null,"tags":{},"topologyVersion":null,"type":"Unknown"}},"setName":"atlas-ge0a95-shard-0","stale":false,"type":"ReplicaSetNoPrimary"},"errorLabelSet":{},"level":"error","message":"MongoDB initial connection error: Could not connect to any servers in your MongoDB Atlas cluster. One common reason is that you're trying to access the database from an IP that isn't whitelisted. Make sure your current IP address is on your Atlas cluster's IP whitelist: https://www.mongodb.com/docs/atlas/security-whitelist/","reason":{"commonWireVersion":0,"compatible":true,"heartbeatFrequencyMS":10000,"localThresholdMS":15,"logicalSessionTimeoutMinutes":null,"maxElectionId":null,"maxSetVersion":null,"servers":{"ac-8epwcoq-shard-00-00.fcmllmq.mongodb.net:27017":{"$clusterTime":null,"address":"ac-8epwcoq-shard-00-00.fcmllmq.mongodb.net:27017","arbiters":[],"electionId":null,"error":{"beforeHandshake":false,"errorLabelSet":{}},"hosts":[],"iscryptd":false,"lastUpdateTime":23809979,"lastWriteDate":0,"logicalSessionTimeoutMinutes":null,"maxBsonObjectSize":null,"maxMessageSizeBytes":null,"maxWireVersion":0,"maxWriteBatchSize":null,"me":null,"minRoundTripTime":0,"minWireVersion":0,"passives":[],"primary":null,"roundTripTime":-1,"setName":null,"setVersion":null,"tags":{},"topologyVersion":null,"type":"Unknown"},"ac-8epwcoq-shard-00-01.fcmllmq.mongodb.net:27017":{"$clusterTime":null,"address":"ac-8epwcoq-shard-00-01.fcmllmq.mongodb.net:27017","arbiters":[],"electionId":null,"error":{"beforeHandshake":false,"errorLabelSet":{}},"hosts":[],"iscryptd":false,"lastUpdateTime":23809347,"lastWriteDate":0,"logicalSessionTimeoutMinutes":null,"maxBsonObjectSize":null,"maxMessageSizeBytes":null,"maxWireVersion":0,"maxWriteBatchSize":null,"me":null,"minRoundTripTime":0,"minWireVersion":0,"passives":[],"primary":null,"roundTripTime":-1,"setName":null,"setVersion":null,"tags":{},"topologyVersion":null,"type":"Unknown"},"ac-8epwcoq-shard-00-02.fcmllmq.mongodb.net:27017":{"$clusterTime":null,"address":"ac-8epwcoq-shard-00-02.fcmllmq.mongodb.net:27017","arbiters":[],"electionId":null,"error":{"beforeHandshake":false,"errorLabelSet":{}},"hosts":[],"iscryptd":false,"lastUpdateTime":23810030,"lastWriteDate":0,"logicalSessionTimeoutMinutes":null,"maxBsonObjectSize":null,"maxMessageSizeBytes":null,"maxWireVersion":0,"maxWriteBatchSize":null,"me":null,"minRoundTripTime":0,"minWireVersion":0,"passives":[],"primary":null,"roundTripTime":-1,"setName":null,"setVersion":null,"tags":{},"topologyVersion":null,"type":"Unknown"}},"setName":"atlas-ge0a95-shard-0","stale":false,"type":"ReplicaSetNoPrimary"},"stack":"MongooseServerSelectionError: Could not connect to any servers in your MongoDB Atlas cluster. One common reason is that you're trying to access the database from an IP that isn't whitelisted. Make sure your current IP address is on your Atlas cluster's IP whitelist: https://www.mongodb.com/docs/atlas/security-whitelist/\n    at _handleConnectionErrors (/Users/mac/Downloads/surrealworld/dreamweaver-server/node_modules/mongoose/lib/connection.js:1165:11)\n    at NativeConnection.openUri (/Users/mac/Downloads/surrealworld/dreamweaver-server/node_modules/mongoose/lib/connection.js:1096:11)\n    at async connectDB (/Users/mac/Downloads/surrealworld/dreamweaver-server/src/config/db.ts:13:5)\n    at async startServer (/Users/mac/Downloads/surrealworld/dreamweaver-server/src/server.ts:9:5)","timestamp":"2025-05-27T14:41:47.797Z"}
{"level":"info","message":"Connecting to MongoDB with URI:","timestamp":"2025-05-27T14:42:18.292Z"}
{"cause":{"commonWireVersion":0,"compatible":true,"heartbeatFrequencyMS":10000,"localThresholdMS":15,"logicalSessionTimeoutMinutes":null,"maxElectionId":null,"maxSetVersion":null,"servers":{"ac-8epwcoq-shard-00-00.fcmllmq.mongodb.net:27017":{"$clusterTime":null,"address":"ac-8epwcoq-shard-00-00.fcmllmq.mongodb.net:27017","arbiters":[],"electionId":null,"error":{"beforeHandshake":false,"errorLabelSet":{}},"hosts":[],"iscryptd":false,"lastUpdateTime":23845360,"lastWriteDate":0,"logicalSessionTimeoutMinutes":null,"maxBsonObjectSize":null,"maxMessageSizeBytes":null,"maxWireVersion":0,"maxWriteBatchSize":null,"me":null,"minRoundTripTime":0,"minWireVersion":0,"passives":[],"primary":null,"roundTripTime":-1,"setName":null,"setVersion":null,"tags":{},"topologyVersion":null,"type":"Unknown"},"ac-8epwcoq-shard-00-01.fcmllmq.mongodb.net:27017":{"$clusterTime":null,"address":"ac-8epwcoq-shard-00-01.fcmllmq.mongodb.net:27017","arbiters":[],"electionId":null,"error":{"beforeHandshake":false,"errorLabelSet":{}},"hosts":[],"iscryptd":false,"lastUpdateTime":23845353,"lastWriteDate":0,"logicalSessionTimeoutMinutes":null,"maxBsonObjectSize":null,"maxMessageSizeBytes":null,"maxWireVersion":0,"maxWriteBatchSize":null,"me":null,"minRoundTripTime":0,"minWireVersion":0,"passives":[],"primary":null,"roundTripTime":-1,"setName":null,"setVersion":null,"tags":{},"topologyVersion":null,"type":"Unknown"},"ac-8epwcoq-shard-00-02.fcmllmq.mongodb.net:27017":{"$clusterTime":null,"address":"ac-8epwcoq-shard-00-02.fcmllmq.mongodb.net:27017","arbiters":[],"electionId":null,"error":{"beforeHandshake":false,"errorLabelSet":{}},"hosts":[],"iscryptd":false,"lastUpdateTime":23845374,"lastWriteDate":0,"logicalSessionTimeoutMinutes":null,"maxBsonObjectSize":null,"maxMessageSizeBytes":null,"maxWireVersion":0,"maxWriteBatchSize":null,"me":null,"minRoundTripTime":0,"minWireVersion":0,"passives":[],"primary":null,"roundTripTime":-1,"setName":null,"setVersion":null,"tags":{},"topologyVersion":null,"type":"Unknown"}},"setName":"atlas-ge0a95-shard-0","stale":false,"type":"ReplicaSetNoPrimary"},"errorLabelSet":{},"level":"error","message":"MongoDB initial connection error: Could not connect to any servers in your MongoDB Atlas cluster. One common reason is that you're trying to access the database from an IP that isn't whitelisted. Make sure your current IP address is on your Atlas cluster's IP whitelist: https://www.mongodb.com/docs/atlas/security-whitelist/","reason":{"commonWireVersion":0,"compatible":true,"heartbeatFrequencyMS":10000,"localThresholdMS":15,"logicalSessionTimeoutMinutes":null,"maxElectionId":null,"maxSetVersion":null,"servers":{"ac-8epwcoq-shard-00-00.fcmllmq.mongodb.net:27017":{"$clusterTime":null,"address":"ac-8epwcoq-shard-00-00.fcmllmq.mongodb.net:27017","arbiters":[],"electionId":null,"error":{"beforeHandshake":false,"errorLabelSet":{}},"hosts":[],"iscryptd":false,"lastUpdateTime":23845360,"lastWriteDate":0,"logicalSessionTimeoutMinutes":null,"maxBsonObjectSize":null,"maxMessageSizeBytes":null,"maxWireVersion":0,"maxWriteBatchSize":null,"me":null,"minRoundTripTime":0,"minWireVersion":0,"passives":[],"primary":null,"roundTripTime":-1,"setName":null,"setVersion":null,"tags":{},"topologyVersion":null,"type":"Unknown"},"ac-8epwcoq-shard-00-01.fcmllmq.mongodb.net:27017":{"$clusterTime":null,"address":"ac-8epwcoq-shard-00-01.fcmllmq.mongodb.net:27017","arbiters":[],"electionId":null,"error":{"beforeHandshake":false,"errorLabelSet":{}},"hosts":[],"iscryptd":false,"lastUpdateTime":23845353,"lastWriteDate":0,"logicalSessionTimeoutMinutes":null,"maxBsonObjectSize":null,"maxMessageSizeBytes":null,"maxWireVersion":0,"maxWriteBatchSize":null,"me":null,"minRoundTripTime":0,"minWireVersion":0,"passives":[],"primary":null,"roundTripTime":-1,"setName":null,"setVersion":null,"tags":{},"topologyVersion":null,"type":"Unknown"},"ac-8epwcoq-shard-00-02.fcmllmq.mongodb.net:27017":{"$clusterTime":null,"address":"ac-8epwcoq-shard-00-02.fcmllmq.mongodb.net:27017","arbiters":[],"electionId":null,"error":{"beforeHandshake":false,"errorLabelSet":{}},"hosts":[],"iscryptd":false,"lastUpdateTime":23845374,"lastWriteDate":0,"logicalSessionTimeoutMinutes":null,"maxBsonObjectSize":null,"maxMessageSizeBytes":null,"maxWireVersion":0,"maxWriteBatchSize":null,"me":null,"minRoundTripTime":0,"minWireVersion":0,"passives":[],"primary":null,"roundTripTime":-1,"setName":null,"setVersion":null,"tags":{},"topologyVersion":null,"type":"Unknown"}},"setName":"atlas-ge0a95-shard-0","stale":false,"type":"ReplicaSetNoPrimary"},"stack":"MongooseServerSelectionError: Could not connect to any servers in your MongoDB Atlas cluster. One common reason is that you're trying to access the database from an IP that isn't whitelisted. Make sure your current IP address is on your Atlas cluster's IP whitelist: https://www.mongodb.com/docs/atlas/security-whitelist/\n    at _handleConnectionErrors (/Users/mac/Downloads/surrealworld/dreamweaver-server/node_modules/mongoose/lib/connection.js:1165:11)\n    at NativeConnection.openUri (/Users/mac/Downloads/surrealworld/dreamweaver-server/node_modules/mongoose/lib/connection.js:1096:11)\n    at async connectDB (/Users/mac/Downloads/surrealworld/dreamweaver-server/src/config/db.ts:13:5)\n    at async startServer (/Users/mac/Downloads/surrealworld/dreamweaver-server/src/server.ts:9:5)","timestamp":"2025-05-27T14:42:23.366Z"}
{"level":"info","message":"Connecting to MongoDB with URI:","timestamp":"2025-05-27T14:44:40.115Z"}
{"level":"info","message":"MongoDB connected successfully","timestamp":"2025-05-27T14:44:42.152Z"}
{"level":"info","message":"Server running on port 5000","timestamp":"2025-05-27T14:44:42.155Z"}
{"level":"info","message":"Environment: development","timestamp":"2025-05-27T14:44:42.155Z"}
{"cause":{"beforeHandshake":false,"errorLabelSet":{}},"errorLabelSet":{},"level":"error","message":"Failed to get all journals: getaddrinfo ENOTFOUND ac-8epwcoq-shard-00-01.fcmllmq.mongodb.net","reason":{"commonWireVersion":0,"compatible":true,"heartbeatFrequencyMS":10000,"localThresholdMS":15,"logicalSessionTimeoutMinutes":null,"maxElectionId":{"$oid":"7fffffff00000000000000f1"},"maxSetVersion":40,"servers":{"ac-8epwcoq-shard-00-00.fcmllmq.mongodb.net:27017":{"$clusterTime":null,"address":"ac-8epwcoq-shard-00-00.fcmllmq.mongodb.net:27017","arbiters":[],"electionId":null,"error":{"beforeHandshake":false,"errorLabelSet":{}},"hosts":[],"iscryptd":false,"lastUpdateTime":25793038,"lastWriteDate":0,"logicalSessionTimeoutMinutes":null,"maxBsonObjectSize":null,"maxMessageSizeBytes":null,"maxWireVersion":0,"maxWriteBatchSize":null,"me":null,"minRoundTripTime":0,"minWireVersion":0,"passives":[],"primary":null,"roundTripTime":-1,"setName":null,"setVersion":null,"tags":{},"topologyVersion":null,"type":"Unknown"},"ac-8epwcoq-shard-00-01.fcmllmq.mongodb.net:27017":{"$clusterTime":null,"address":"ac-8epwcoq-shard-00-01.fcmllmq.mongodb.net:27017","arbiters":[],"electionId":null,"error":{"beforeHandshake":false,"errorLabelSet":{}},"hosts":[],"iscryptd":false,"lastUpdateTime":25793038,"lastWriteDate":0,"logicalSessionTimeoutMinutes":null,"maxBsonObjectSize":null,"maxMessageSizeBytes":null,"maxWireVersion":0,"maxWriteBatchSize":null,"me":null,"minRoundTripTime":0,"minWireVersion":0,"passives":[],"primary":null,"roundTripTime":-1,"setName":null,"setVersion":null,"tags":{},"topologyVersion":null,"type":"Unknown"},"ac-8epwcoq-shard-00-02.fcmllmq.mongodb.net:27017":{"$clusterTime":null,"address":"ac-8epwcoq-shard-00-02.fcmllmq.mongodb.net:27017","arbiters":[],"electionId":null,"error":{"beforeHandshake":false,"errorLabelSet":{}},"hosts":[],"iscryptd":false,"lastUpdateTime":25793037,"lastWriteDate":0,"logicalSessionTimeoutMinutes":null,"maxBsonObjectSize":null,"maxMessageSizeBytes":null,"maxWireVersion":0,"maxWriteBatchSize":null,"me":null,"minRoundTripTime":0,"minWireVersion":0,"passives":[],"primary":null,"roundTripTime":-1,"setName":null,"setVersion":null,"tags":{},"topologyVersion":null,"type":"Unknown"}},"setName":"atlas-ge0a95-shard-0","stale":false,"type":"ReplicaSetNoPrimary"},"stack":"MongoServerSelectionError: getaddrinfo ENOTFOUND ac-8epwcoq-shard-00-01.fcmllmq.mongodb.net\n    at Topology.selectServer (/Users/mac/Downloads/surrealworld/dreamweaver-server/node_modules/mongodb/src/sdam/topology.ts:628:30)\n    at async tryOperation (/Users/mac/Downloads/surrealworld/dreamweaver-server/node_modules/mongodb/src/operations/execute_operation.ts:264:16)\n    at async executeOperation (/Users/mac/Downloads/surrealworld/dreamweaver-server/node_modules/mongodb/src/operations/execute_operation.ts:115:12)\n    at async FindCursor._initialize (/Users/mac/Downloads/surrealworld/dreamweaver-server/node_modules/mongodb/src/cursor/find_cursor.ts:92:22)\n    at async FindCursor.cursorInit (/Users/mac/Downloads/surrealworld/dreamweaver-server/node_modules/mongodb/src/cursor/abstract_cursor.ts:944:21)\n    at async FindCursor.fetchBatch (/Users/mac/Downloads/surrealworld/dreamweaver-server/node_modules/mongodb/src/cursor/abstract_cursor.ts:982:7)\n    at async FindCursor.next (/Users/mac/Downloads/surrealworld/dreamweaver-server/node_modules/mongodb/src/cursor/abstract_cursor.ts:612:9)\n    at async FindCursor.[Symbol.asyncIterator] (/Users/mac/Downloads/surrealworld/dreamweaver-server/node_modules/mongodb/src/cursor/abstract_cursor.ts:506:26)\n    at async FindCursor.toArray (/Users/mac/Downloads/surrealworld/dreamweaver-server/node_modules/mongodb/src/cursor/abstract_cursor.ts:700:22)\n    at async model.Query._find (/Users/mac/Downloads/surrealworld/dreamweaver-server/node_modules/mongoose/lib/query.js:2407:14)","timestamp":"2025-05-27T15:14:51.318Z"}
{"level":"error","message":"Unhandled error: Failed to retrieve journals","stack":"Error: Failed to retrieve journals\n    at processGetAllJournals (/Users/mac/Downloads/surrealworld/dreamweaver-server/src/services/dream.service.ts:45:11)\n    at processTicksAndRejections (node:internal/process/task_queues:95:5)\n    at async getAllJournals (/Users/mac/Downloads/surrealworld/dreamweaver-server/src/controllers/dream.controller.ts:25:22)","timestamp":"2025-05-27T15:14:52.907Z"}
{"cause":{"beforeHandshake":false,"errorLabelSet":{}},"errorLabelSet":{},"level":"error","message":"Failed to get all journals: getaddrinfo ENOTFOUND ac-8epwcoq-shard-00-01.fcmllmq.mongodb.net","reason":{"commonWireVersion":0,"compatible":true,"heartbeatFrequencyMS":10000,"localThresholdMS":15,"logicalSessionTimeoutMinutes":null,"maxElectionId":{"$oid":"7fffffff00000000000000f1"},"maxSetVersion":40,"servers":{"ac-8epwcoq-shard-00-00.fcmllmq.mongodb.net:27017":{"$clusterTime":null,"address":"ac-8epwcoq-shard-00-00.fcmllmq.mongodb.net:27017","arbiters":[],"electionId":null,"error":{"beforeHandshake":false,"errorLabelSet":{}},"hosts":[],"iscryptd":false,"lastUpdateTime":32920321,"lastWriteDate":0,"logicalSessionTimeoutMinutes":null,"maxBsonObjectSize":null,"maxMessageSizeBytes":null,"maxWireVersion":0,"maxWriteBatchSize":null,"me":null,"minRoundTripTime":0,"minWireVersion":0,"passives":[],"primary":null,"roundTripTime":-1,"setName":null,"setVersion":null,"tags":{},"topologyVersion":null,"type":"Unknown"},"ac-8epwcoq-shard-00-01.fcmllmq.mongodb.net:27017":{"$clusterTime":null,"address":"ac-8epwcoq-shard-00-01.fcmllmq.mongodb.net:27017","arbiters":[],"electionId":null,"error":{"beforeHandshake":false,"errorLabelSet":{}},"hosts":[],"iscryptd":false,"lastUpdateTime":32920319,"lastWriteDate":0,"logicalSessionTimeoutMinutes":null,"maxBsonObjectSize":null,"maxMessageSizeBytes":null,"maxWireVersion":0,"maxWriteBatchSize":null,"me":null,"minRoundTripTime":0,"minWireVersion":0,"passives":[],"primary":null,"roundTripTime":-1,"setName":null,"setVersion":null,"tags":{},"topologyVersion":null,"type":"Unknown"},"ac-8epwcoq-shard-00-02.fcmllmq.mongodb.net:27017":{"$clusterTime":null,"address":"ac-8epwcoq-shard-00-02.fcmllmq.mongodb.net:27017","arbiters":[],"electionId":null,"error":{"beforeHandshake":false,"errorLabelSet":{}},"hosts":[],"iscryptd":false,"lastUpdateTime":32920320,"lastWriteDate":0,"logicalSessionTimeoutMinutes":null,"maxBsonObjectSize":null,"maxMessageSizeBytes":null,"maxWireVersion":0,"maxWriteBatchSize":null,"me":null,"minRoundTripTime":0,"minWireVersion":0,"passives":[],"primary":null,"roundTripTime":-1,"setName":null,"setVersion":null,"tags":{},"topologyVersion":null,"type":"Unknown"}},"setName":"atlas-ge0a95-shard-0","stale":false,"type":"ReplicaSetNoPrimary"},"stack":"MongoServerSelectionError: getaddrinfo ENOTFOUND ac-8epwcoq-shard-00-01.fcmllmq.mongodb.net\n    at Topology.selectServer (/Users/mac/Downloads/surrealworld/dreamweaver-server/node_modules/mongodb/src/sdam/topology.ts:628:30)\n    at async tryOperation (/Users/mac/Downloads/surrealworld/dreamweaver-server/node_modules/mongodb/src/operations/execute_operation.ts:264:16)\n    at async executeOperation (/Users/mac/Downloads/surrealworld/dreamweaver-server/node_modules/mongodb/src/operations/execute_operation.ts:115:12)\n    at async FindCursor._initialize (/Users/mac/Downloads/surrealworld/dreamweaver-server/node_modules/mongodb/src/cursor/find_cursor.ts:92:22)\n    at async FindCursor.cursorInit (/Users/mac/Downloads/surrealworld/dreamweaver-server/node_modules/mongodb/src/cursor/abstract_cursor.ts:944:21)\n    at async FindCursor.fetchBatch (/Users/mac/Downloads/surrealworld/dreamweaver-server/node_modules/mongodb/src/cursor/abstract_cursor.ts:982:7)\n    at async FindCursor.next (/Users/mac/Downloads/surrealworld/dreamweaver-server/node_modules/mongodb/src/cursor/abstract_cursor.ts:612:9)\n    at async FindCursor.[Symbol.asyncIterator] (/Users/mac/Downloads/surrealworld/dreamweaver-server/node_modules/mongodb/src/cursor/abstract_cursor.ts:506:26)\n    at async FindCursor.toArray (/Users/mac/Downloads/surrealworld/dreamweaver-server/node_modules/mongodb/src/cursor/abstract_cursor.ts:700:22)\n    at async model.Query._find (/Users/mac/Downloads/surrealworld/dreamweaver-server/node_modules/mongoose/lib/query.js:2407:14)","timestamp":"2025-05-27T17:13:38.230Z"}
{"level":"error","message":"Unhandled error: Failed to retrieve journals","stack":"Error: Failed to retrieve journals\n    at processGetAllJournals (/Users/mac/Downloads/surrealworld/dreamweaver-server/src/services/dream.service.ts:45:11)\n    at processTicksAndRejections (node:internal/process/task_queues:95:5)\n    at async getAllJournals (/Users/mac/Downloads/surrealworld/dreamweaver-server/src/controllers/dream.controller.ts:25:22)","timestamp":"2025-05-27T17:13:38.512Z"}
{"level":"info","message":"Connecting to MongoDB with URI:","timestamp":"2025-05-27T20:18:16.820Z"}
{"cause":{"commonWireVersion":0,"compatible":true,"heartbeatFrequencyMS":10000,"localThresholdMS":15,"logicalSessionTimeoutMinutes":null,"maxElectionId":null,"maxSetVersion":null,"servers":{"ac-8epwcoq-shard-00-00.fcmllmq.mongodb.net:27017":{"$clusterTime":null,"address":"ac-8epwcoq-shard-00-00.fcmllmq.mongodb.net:27017","arbiters":[],"electionId":null,"error":{"beforeHandshake":false,"errorLabelSet":{}},"hosts":[],"iscryptd":false,"lastUpdateTime":7117451,"lastWriteDate":0,"logicalSessionTimeoutMinutes":null,"maxBsonObjectSize":null,"maxMessageSizeBytes":null,"maxWireVersion":0,"maxWriteBatchSize":null,"me":null,"minRoundTripTime":0,"minWireVersion":0,"passives":[],"primary":null,"roundTripTime":-1,"setName":null,"setVersion":null,"tags":{},"topologyVersion":null,"type":"Unknown"},"ac-8epwcoq-shard-00-01.fcmllmq.mongodb.net:27017":{"$clusterTime":null,"address":"ac-8epwcoq-shard-00-01.fcmllmq.mongodb.net:27017","arbiters":[],"electionId":null,"error":{"beforeHandshake":false,"errorLabelSet":{}},"hosts":[],"iscryptd":false,"lastUpdateTime":7116867,"lastWriteDate":0,"logicalSessionTimeoutMinutes":null,"maxBsonObjectSize":null,"maxMessageSizeBytes":null,"maxWireVersion":0,"maxWriteBatchSize":null,"me":null,"minRoundTripTime":0,"minWireVersion":0,"passives":[],"primary":null,"roundTripTime":-1,"setName":null,"setVersion":null,"tags":{},"topologyVersion":null,"type":"Unknown"},"ac-8epwcoq-shard-00-02.fcmllmq.mongodb.net:27017":{"$clusterTime":null,"address":"ac-8epwcoq-shard-00-02.fcmllmq.mongodb.net:27017","arbiters":[],"electionId":null,"error":{"beforeHandshake":false,"errorLabelSet":{}},"hosts":[],"iscryptd":false,"lastUpdateTime":7116989,"lastWriteDate":0,"logicalSessionTimeoutMinutes":null,"maxBsonObjectSize":null,"maxMessageSizeBytes":null,"maxWireVersion":0,"maxWriteBatchSize":null,"me":null,"minRoundTripTime":0,"minWireVersion":0,"passives":[],"primary":null,"roundTripTime":-1,"setName":null,"setVersion":null,"tags":{},"topologyVersion":null,"type":"Unknown"}},"setName":"atlas-ge0a95-shard-0","stale":false,"type":"ReplicaSetNoPrimary"},"errorLabelSet":{},"level":"error","message":"MongoDB initial connection error: Could not connect to any servers in your MongoDB Atlas cluster. One common reason is that you're trying to access the database from an IP that isn't whitelisted. Make sure your current IP address is on your Atlas cluster's IP whitelist: https://www.mongodb.com/docs/atlas/security-whitelist/","reason":{"commonWireVersion":0,"compatible":true,"heartbeatFrequencyMS":10000,"localThresholdMS":15,"logicalSessionTimeoutMinutes":null,"maxElectionId":null,"maxSetVersion":null,"servers":{"ac-8epwcoq-shard-00-00.fcmllmq.mongodb.net:27017":{"$clusterTime":null,"address":"ac-8epwcoq-shard-00-00.fcmllmq.mongodb.net:27017","arbiters":[],"electionId":null,"error":{"beforeHandshake":false,"errorLabelSet":{}},"hosts":[],"iscryptd":false,"lastUpdateTime":7117451,"lastWriteDate":0,"logicalSessionTimeoutMinutes":null,"maxBsonObjectSize":null,"maxMessageSizeBytes":null,"maxWireVersion":0,"maxWriteBatchSize":null,"me":null,"minRoundTripTime":0,"minWireVersion":0,"passives":[],"primary":null,"roundTripTime":-1,"setName":null,"setVersion":null,"tags":{},"topologyVersion":null,"type":"Unknown"},"ac-8epwcoq-shard-00-01.fcmllmq.mongodb.net:27017":{"$clusterTime":null,"address":"ac-8epwcoq-shard-00-01.fcmllmq.mongodb.net:27017","arbiters":[],"electionId":null,"error":{"beforeHandshake":false,"errorLabelSet":{}},"hosts":[],"iscryptd":false,"lastUpdateTime":7116867,"lastWriteDate":0,"logicalSessionTimeoutMinutes":null,"maxBsonObjectSize":null,"maxMessageSizeBytes":null,"maxWireVersion":0,"maxWriteBatchSize":null,"me":null,"minRoundTripTime":0,"minWireVersion":0,"passives":[],"primary":null,"roundTripTime":-1,"setName":null,"setVersion":null,"tags":{},"topologyVersion":null,"type":"Unknown"},"ac-8epwcoq-shard-00-02.fcmllmq.mongodb.net:27017":{"$clusterTime":null,"address":"ac-8epwcoq-shard-00-02.fcmllmq.mongodb.net:27017","arbiters":[],"electionId":null,"error":{"beforeHandshake":false,"errorLabelSet":{}},"hosts":[],"iscryptd":false,"lastUpdateTime":7116989,"lastWriteDate":0,"logicalSessionTimeoutMinutes":null,"maxBsonObjectSize":null,"maxMessageSizeBytes":null,"maxWireVersion":0,"maxWriteBatchSize":null,"me":null,"minRoundTripTime":0,"minWireVersion":0,"passives":[],"primary":null,"roundTripTime":-1,"setName":null,"setVersion":null,"tags":{},"topologyVersion":null,"type":"Unknown"}},"setName":"atlas-ge0a95-shard-0","stale":false,"type":"ReplicaSetNoPrimary"},"stack":"MongooseServerSelectionError: Could not connect to any servers in your MongoDB Atlas cluster. One common reason is that you're trying to access the database from an IP that isn't whitelisted. Make sure your current IP address is on your Atlas cluster's IP whitelist: https://www.mongodb.com/docs/atlas/security-whitelist/\n    at _handleConnectionErrors (/Users/mac/Downloads/surrealworld/dreamweaver-server/node_modules/mongoose/lib/connection.js:1165:11)\n    at NativeConnection.openUri (/Users/mac/Downloads/surrealworld/dreamweaver-server/node_modules/mongoose/lib/connection.js:1096:11)\n    at async connectDB (/Users/mac/Downloads/surrealworld/dreamweaver-server/src/config/db.ts:13:5)\n    at async startServer (/Users/mac/Downloads/surrealworld/dreamweaver-server/src/server.ts:9:5)","timestamp":"2025-05-27T20:18:22.138Z"}
{"level":"info","message":"Connecting to MongoDB with URI:","timestamp":"2025-05-27T20:20:49.855Z"}
{"level":"info","message":"MongoDB connected successfully","timestamp":"2025-05-27T20:20:52.835Z"}
{"level":"info","message":"Server running on port 5000","timestamp":"2025-05-27T20:20:52.839Z"}
{"level":"info","message":"Environment: development","timestamp":"2025-05-27T20:20:52.839Z"}
{"level":"info","message":"Connecting to MongoDB with URI:","timestamp":"2025-05-27T21:19:25.475Z"}
{"level":"info","message":"MongoDB connected successfully","timestamp":"2025-05-27T21:19:28.314Z"}
{"level":"info","message":"Server running on port 5000","timestamp":"2025-05-27T21:19:28.318Z"}
{"level":"info","message":"Environment: development","timestamp":"2025-05-27T21:19:28.318Z"}
{"level":"info","message":"Connecting to MongoDB with URI:","timestamp":"2025-05-27T21:59:34.947Z"}
{"level":"info","message":"MongoDB connected successfully","timestamp":"2025-05-27T21:59:37.406Z"}
{"level":"info","message":"Server running on port 5000","timestamp":"2025-05-27T21:59:37.410Z"}
{"level":"info","message":"Environment: development","timestamp":"2025-05-27T21:59:37.410Z"}
{"level":"info","message":"Connecting to MongoDB with URI:","timestamp":"2025-05-27T21:59:52.509Z"}
{"level":"info","message":"MongoDB connected successfully","timestamp":"2025-05-27T21:59:54.312Z"}
{"level":"info","message":"Server running on port 5000","timestamp":"2025-05-27T21:59:54.317Z"}
{"level":"info","message":"Environment: development","timestamp":"2025-05-27T21:59:54.318Z"}
{"level":"info","message":"Connecting to MongoDB with URI:","timestamp":"2025-05-27T22:06:26.535Z"}
{"level":"info","message":"MongoDB connected successfully","timestamp":"2025-05-27T22:06:28.636Z"}
{"level":"info","message":"Server running on port 5000","timestamp":"2025-05-27T22:06:28.641Z"}
{"level":"info","message":"Environment: development","timestamp":"2025-05-27T22:06:28.641Z"}
{"level":"info","message":"Connecting to MongoDB with URI:","timestamp":"2025-05-27T22:11:34.150Z"}
{"level":"info","message":"MongoDB connected successfully","timestamp":"2025-05-27T22:11:36.286Z"}
{"level":"info","message":"Server running on port 5000","timestamp":"2025-05-27T22:11:36.307Z"}
{"level":"info","message":"Environment: development","timestamp":"2025-05-27T22:11:36.308Z"}
{"level":"info","message":"Connecting to MongoDB with URI:","timestamp":"2025-05-27T22:12:42.029Z"}
{"level":"info","message":"MongoDB connected successfully","timestamp":"2025-05-27T22:12:44.338Z"}
{"level":"info","message":"Server running on port 5000","timestamp":"2025-05-27T22:12:44.342Z"}
{"level":"info","message":"Environment: development","timestamp":"2025-05-27T22:12:44.342Z"}
{"level":"info","message":"Connecting to MongoDB with URI:","timestamp":"2025-05-27T22:14:35.610Z"}
{"level":"info","message":"MongoDB connected successfully","timestamp":"2025-05-27T22:14:37.635Z"}
{"level":"info","message":"Server running on port 5000","timestamp":"2025-05-27T22:14:37.639Z"}
{"level":"info","message":"Environment: development","timestamp":"2025-05-27T22:14:37.639Z"}
{"level":"info","message":"Connecting to MongoDB with URI:","timestamp":"2025-05-27T22:16:08.684Z"}
{"level":"info","message":"MongoDB connected successfully","timestamp":"2025-05-27T22:16:11.377Z"}
{"level":"info","message":"Server running on port 5000","timestamp":"2025-05-27T22:16:11.382Z"}
{"level":"info","message":"Environment: development","timestamp":"2025-05-27T22:16:11.383Z"}
{"level":"info","message":"Connecting to MongoDB with URI:","timestamp":"2025-05-27T22:16:34.821Z"}
{"level":"info","message":"MongoDB connected successfully","timestamp":"2025-05-27T22:16:36.497Z"}
{"level":"info","message":"Server running on port 5000","timestamp":"2025-05-27T22:16:36.499Z"}
{"level":"info","message":"Environment: development","timestamp":"2025-05-27T22:16:36.499Z"}
{"level":"info","message":"Connecting to MongoDB with URI:","timestamp":"2025-05-27T22:16:55.403Z"}
{"level":"info","message":"Connecting to MongoDB with URI:","timestamp":"2025-05-27T22:16:58.279Z"}
{"level":"info","message":"MongoDB connected successfully","timestamp":"2025-05-27T22:17:00.681Z"}
{"level":"info","message":"Server running on port 5000","timestamp":"2025-05-27T22:17:00.684Z"}
{"level":"info","message":"Environment: development","timestamp":"2025-05-27T22:17:00.685Z"}
{"level":"info","message":"Connecting to MongoDB with URI:","timestamp":"2025-05-27T22:18:14.700Z"}
{"level":"info","message":"MongoDB connected successfully","timestamp":"2025-05-27T22:18:16.690Z"}
{"level":"info","message":"Server running on port 5000","timestamp":"2025-05-27T22:18:16.694Z"}
{"level":"info","message":"Environment: development","timestamp":"2025-05-27T22:18:16.694Z"}
{"level":"info","message":"Connecting to MongoDB with URI:","timestamp":"2025-05-27T22:23:03.812Z"}
{"level":"info","message":"MongoDB connected successfully","timestamp":"2025-05-27T22:23:08.504Z"}
{"level":"info","message":"Server running on port 5000","timestamp":"2025-05-27T22:23:08.507Z"}
{"level":"info","message":"Environment: development","timestamp":"2025-05-27T22:23:08.508Z"}
{"level":"info","message":"Connecting to MongoDB with URI:","timestamp":"2025-05-27T22:25:39.262Z"}
{"level":"info","message":"Connecting to MongoDB with URI:","timestamp":"2025-05-27T22:25:40.894Z"}
{"level":"info","message":"MongoDB connected successfully","timestamp":"2025-05-27T22:25:42.833Z"}
{"level":"info","message":"Server running on port 5000","timestamp":"2025-05-27T22:25:42.837Z"}
{"level":"info","message":"Environment: development","timestamp":"2025-05-27T22:25:42.837Z"}
{"level":"info","message":"Connecting to MongoDB with URI:","timestamp":"2025-05-27T22:26:46.499Z"}
{"level":"info","message":"MongoDB connected successfully","timestamp":"2025-05-27T22:26:48.278Z"}
{"level":"info","message":"Server running on port 5000","timestamp":"2025-05-27T22:26:48.281Z"}
{"level":"info","message":"Environment: development","timestamp":"2025-05-27T22:26:48.281Z"}
{"level":"info","message":"Connecting to MongoDB with URI:","timestamp":"2025-05-27T22:27:32.451Z"}
{"level":"info","message":"MongoDB connected successfully","timestamp":"2025-05-27T22:27:34.841Z"}
{"level":"info","message":"Server running on port 5000","timestamp":"2025-05-27T22:27:34.845Z"}
{"level":"info","message":"Environment: development","timestamp":"2025-05-27T22:27:34.845Z"}
{"level":"info","message":"Connecting to MongoDB with URI:","timestamp":"2025-05-27T23:44:02.318Z"}
{"level":"info","message":"Connecting to MongoDB with URI:","timestamp":"2025-05-27T23:44:05.141Z"}
{"level":"info","message":"MongoDB connected successfully","timestamp":"2025-05-27T23:44:07.045Z"}
{"level":"info","message":"Server running on port 5000","timestamp":"2025-05-27T23:44:07.049Z"}
{"level":"info","message":"Environment: development","timestamp":"2025-05-27T23:44:07.049Z"}
{"level":"info","message":"Connecting to MongoDB with URI:","timestamp":"2025-05-27T23:47:40.143Z"}
{"level":"info","message":"MongoDB connected successfully","timestamp":"2025-05-27T23:47:42.283Z"}
{"level":"info","message":"Server running on port 5000","timestamp":"2025-05-27T23:47:42.286Z"}
{"level":"info","message":"Environment: development","timestamp":"2025-05-27T23:47:42.286Z"}
{"level":"info","message":"Connecting to MongoDB with URI:","timestamp":"2025-05-28T00:15:03.427Z"}
{"level":"info","message":"MongoDB connected successfully","timestamp":"2025-05-28T00:15:05.866Z"}
{"level":"info","message":"Server running on port 5000","timestamp":"2025-05-28T00:15:05.870Z"}
{"level":"info","message":"Environment: development","timestamp":"2025-05-28T00:15:05.870Z"}
{"level":"info","message":"Connecting to MongoDB with URI:","timestamp":"2025-05-28T00:16:02.161Z"}
{"level":"info","message":"MongoDB connected successfully","timestamp":"2025-05-28T00:16:03.908Z"}
{"level":"info","message":"Server running on port 5000","timestamp":"2025-05-28T00:16:03.909Z"}
{"level":"info","message":"Environment: development","timestamp":"2025-05-28T00:16:03.909Z"}
{"level":"info","message":"Connecting to MongoDB with URI:","timestamp":"2025-05-28T00:19:02.857Z"}
{"level":"info","message":"MongoDB connected successfully","timestamp":"2025-05-28T00:19:04.747Z"}
{"level":"info","message":"Server running on port 5000","timestamp":"2025-05-28T00:19:04.753Z"}
{"level":"info","message":"Environment: development","timestamp":"2025-05-28T00:19:04.753Z"}
{"level":"info","message":"Connecting to MongoDB with URI:","timestamp":"2025-05-28T00:20:27.045Z"}
{"level":"info","message":"MongoDB connected successfully","timestamp":"2025-05-28T00:20:28.935Z"}
{"level":"info","message":"Server running on port 5000","timestamp":"2025-05-28T00:20:28.937Z"}
{"level":"info","message":"Environment: development","timestamp":"2025-05-28T00:20:28.938Z"}
{"level":"info","message":"Connecting to MongoDB with URI:","timestamp":"2025-05-28T00:26:55.819Z"}
{"level":"info","message":"MongoDB connected successfully","timestamp":"2025-05-28T00:26:57.713Z"}
{"level":"info","message":"Server running on port 5000","timestamp":"2025-05-28T00:26:57.718Z"}
{"level":"info","message":"Environment: development","timestamp":"2025-05-28T00:26:57.719Z"}
{"level":"info","message":"Connecting to MongoDB with URI:","timestamp":"2025-05-28T00:28:02.704Z"}
{"level":"info","message":"MongoDB connected successfully","timestamp":"2025-05-28T00:28:04.394Z"}
{"level":"info","message":"Server running on port 5000","timestamp":"2025-05-28T00:28:04.397Z"}
{"level":"info","message":"Environment: development","timestamp":"2025-05-28T00:28:04.398Z"}
{"level":"info","message":"Connecting to MongoDB with URI:","timestamp":"2025-05-28T00:28:10.019Z"}
{"level":"info","message":"MongoDB connected successfully","timestamp":"2025-05-28T00:28:11.709Z"}
{"level":"info","message":"Server running on port 5000","timestamp":"2025-05-28T00:28:11.713Z"}
{"level":"info","message":"Environment: development","timestamp":"2025-05-28T00:28:11.714Z"}
{"level":"info","message":"Connecting to MongoDB with URI:","timestamp":"2025-05-28T00:29:50.691Z"}
{"level":"info","message":"MongoDB connected successfully","timestamp":"2025-05-28T00:29:52.570Z"}
{"level":"info","message":"Server running on port 5000","timestamp":"2025-05-28T00:29:52.577Z"}
{"level":"info","message":"Environment: development","timestamp":"2025-05-28T00:29:52.577Z"}
{"level":"info","message":"Connecting to MongoDB with URI:","timestamp":"2025-05-28T00:30:15.447Z"}
{"level":"info","message":"MongoDB connected successfully","timestamp":"2025-05-28T00:30:17.203Z"}
{"level":"info","message":"Server running on port 5000","timestamp":"2025-05-28T00:30:17.206Z"}
{"level":"info","message":"Environment: development","timestamp":"2025-05-28T00:30:17.207Z"}
{"level":"info","message":"Connecting to MongoDB with URI:","timestamp":"2025-05-28T00:35:37.399Z"}
{"level":"info","message":"MongoDB connected successfully","timestamp":"2025-05-28T00:35:39.507Z"}
{"level":"info","message":"Server running on port 5000","timestamp":"2025-05-28T00:35:39.513Z"}
{"level":"info","message":"Environment: development","timestamp":"2025-05-28T00:35:39.513Z"}
{"level":"info","message":"Connecting to MongoDB with URI:","timestamp":"2025-05-28T00:37:00.880Z"}
{"level":"info","message":"MongoDB connected successfully","timestamp":"2025-05-28T00:37:02.628Z"}
{"level":"info","message":"Server running on port 5000","timestamp":"2025-05-28T00:37:02.632Z"}
{"level":"info","message":"Environment: development","timestamp":"2025-05-28T00:37:02.632Z"}
{"level":"info","message":"Connecting to MongoDB with URI:","timestamp":"2025-05-28T00:44:02.234Z"}
{"level":"info","message":"MongoDB connected successfully","timestamp":"2025-05-28T00:44:04.422Z"}
{"level":"info","message":"Server running on port 5000","timestamp":"2025-05-28T00:44:04.427Z"}
{"level":"info","message":"Environment: development","timestamp":"2025-05-28T00:44:04.427Z"}
{"level":"info","message":"Connecting to MongoDB with URI:","timestamp":"2025-05-28T00:44:12.311Z"}
{"level":"info","message":"MongoDB connected successfully","timestamp":"2025-05-28T00:44:14.518Z"}
{"level":"info","message":"Server running on port 5000","timestamp":"2025-05-28T00:44:14.522Z"}
{"level":"info","message":"Environment: development","timestamp":"2025-05-28T00:44:14.522Z"}
{"level":"info","message":"Connecting to MongoDB with URI:","timestamp":"2025-05-28T00:45:09.564Z"}
{"level":"info","message":"MongoDB connected successfully","timestamp":"2025-05-28T00:45:11.425Z"}
{"level":"info","message":"Server running on port 5000","timestamp":"2025-05-28T00:45:11.428Z"}
{"level":"info","message":"Environment: development","timestamp":"2025-05-28T00:45:11.429Z"}
{"level":"info","message":"Connecting to MongoDB with URI:","timestamp":"2025-05-28T00:46:30.558Z"}
{"level":"info","message":"MongoDB connected successfully","timestamp":"2025-05-28T00:46:32.503Z"}
{"level":"info","message":"Server running on port 5000","timestamp":"2025-05-28T00:46:32.506Z"}
{"level":"info","message":"Environment: development","timestamp":"2025-05-28T00:46:32.506Z"}
{"level":"info","message":"Connecting to MongoDB with URI:","timestamp":"2025-05-28T00:49:02.480Z"}
{"level":"info","message":"MongoDB connected successfully","timestamp":"2025-05-28T00:49:04.523Z"}
{"level":"info","message":"Server running on port 5000","timestamp":"2025-05-28T00:49:04.526Z"}
{"level":"info","message":"Environment: development","timestamp":"2025-05-28T00:49:04.526Z"}
{"level":"info","message":"Connecting to MongoDB with URI:","timestamp":"2025-05-28T00:50:09.031Z"}
{"level":"info","message":"MongoDB connected successfully","timestamp":"2025-05-28T00:50:10.938Z"}
{"level":"info","message":"Server running on port 5000","timestamp":"2025-05-28T00:50:10.941Z"}
{"level":"info","message":"Environment: development","timestamp":"2025-05-28T00:50:10.942Z"}
{"level":"info","message":"Connecting to MongoDB with URI:","timestamp":"2025-05-28T00:50:48.157Z"}
{"level":"info","message":"MongoDB connected successfully","timestamp":"2025-05-28T00:50:49.860Z"}
{"level":"info","message":"Server running on port 5000","timestamp":"2025-05-28T00:50:49.862Z"}
{"level":"info","message":"Environment: development","timestamp":"2025-05-28T00:50:49.863Z"}
{"level":"info","message":"Connecting to MongoDB with URI:","timestamp":"2025-05-28T00:50:56.453Z"}
{"level":"info","message":"MongoDB connected successfully","timestamp":"2025-05-28T00:50:58.270Z"}
{"level":"info","message":"Server running on port 5000","timestamp":"2025-05-28T00:50:58.274Z"}
{"level":"info","message":"Environment: development","timestamp":"2025-05-28T00:50:58.274Z"}
{"level":"info","message":"Connecting to MongoDB with URI:","timestamp":"2025-05-28T00:59:19.814Z"}
{"level":"info","message":"MongoDB connected successfully","timestamp":"2025-05-28T00:59:21.790Z"}
{"level":"info","message":"Server running on port 5000","timestamp":"2025-05-28T00:59:21.794Z"}
{"level":"info","message":"Environment: development","timestamp":"2025-05-28T00:59:21.794Z"}
